<?xml version="1.0" encoding="UTF-8"?>
<testsuites name="customer-ui tests" tests="2" failures="0" errors="0" time="1.273">
  <testsuite name="src/customer-ui.test.tsx" errors="0" failures="0" skipped="0" timestamp="2024-08-09T17:10:21" time="0.849" tests="2">
    <testcase classname="-Heading should be Vite + React" name="-Heading should be Vite + React" time="0.036">
    </testcase>
    <testcase classname="-Heading component" name="-Heading component" time="0.003">
    </testcase>
  </testsuite>
</testsuites>